{
  "Cucumber Features": {
    "coverage": {
      "/home/ubuntu/workspace/coursePlanner/app/controllers/courses_controller.rb": [
        1,
        null,
        null,
        1,
        2,
        null,
        null,
        1,
        0,
        null,
        null,
        1,
        null,
        null,
        null,
        null,
        1,
        null,
        null,
        null,
        null,
        1,
        null,
        4,
        2,
        2,
        null,
        null,
        2,
        null,
        null,
        null,
        2,
        2,
        null,
        null,
        null,
        2,
        1,
        null,
        1,
        null,
        null,
        null,
        null,
        1,
        null,
        2,
        null,
        2,
        null,
        null,
        null,
        2,
        2,
        2,
        null,
        null,
        2,
        2,
        108,
        216,
        null,
        112,
        null,
        112,
        null,
        null,
        null,
        null,
        null,
        2,
        4,
        4,
        4,
        4,
        4,
        null,
        null,
        2,
        null,
        null,
        null,
        1,
        11,
        11,
        1,
        1,
        null,
        10,
        0,
        0,
        null,
        10,
        null,
        10,
        10,
        null,
        null,
        10,
        13,
        643,
        4,
        null,
        null,
        null,
        null,
        null,
        1,
        null,
        7,
        null,
        7,
        1,
        1,
        null,
        null,
        null,
        6,
        1,
        1,
        null,
        null,
        5,
        null,
        null,
        null,
        1,
        null,
        3,
        3,
        1,
        1,
        null,
        2,
        2,
        null,
        null,
        null,
        null,
        2,
        1,
        1,
        null,
        null,
        1,
        1,
        null,
        1,
        null,
        1,
        null,
        null,
        1,
        1,
        52,
        1,
        null,
        null,
        null,
        null,
        null,
        null,
        1,
        null,
        0,
        0,
        0,
        0,
        0,
        null,
        null,
        0,
        null,
        null,
        null,
        0,
        0,
        0,
        null,
        null,
        0,
        0,
        0,
        0,
        null,
        0,
        null,
        0,
        null,
        null,
        null,
        null,
        null,
        0,
        0,
        0,
        0,
        0,
        0,
        null,
        null,
        0,
        null,
        null,
        1,
        0,
        null,
        null,
        null,
        1,
        null,
        null,
        null,
        1,
        null,
        null,
        null,
        1,
        null,
        null,
        null,
        null,
        1,
        null,
        null,
        null,
        1,
        null,
        null,
        null,
        1,
        null,
        null,
        null
      ],
      "/home/ubuntu/workspace/coursePlanner/app/controllers/application_controller.rb": [
        1,
        null,
        null,
        1,
        1,
        null,
        null
      ],
      "/home/ubuntu/workspace/coursePlanner/app/helpers/application_helper.rb": [
        1,
        null
      ],
      "/home/ubuntu/workspace/coursePlanner/app/helpers/comments_helper.rb": [
        1,
        null
      ],
      "/home/ubuntu/workspace/coursePlanner/app/helpers/courses_helper.rb": [
        1,
        null,
        null
      ],
      "/home/ubuntu/workspace/coursePlanner/app/helpers/sessions_helper.rb": [
        1,
        null,
        null,
        1,
        10,
        null,
        null,
        1,
        49,
        null,
        null,
        1,
        1,
        null,
        null,
        null
      ],
      "/home/ubuntu/workspace/coursePlanner/app/models/user.rb": [
        1,
        1,
        null
      ],
      "/home/ubuntu/workspace/coursePlanner/app/controllers/sessions_controller.rb": [
        1,
        null,
        1,
        0,
        null,
        null,
        1,
        null,
        null,
        null,
        1,
        9,
        9,
        8,
        8,
        2,
        null,
        6,
        null,
        null,
        null,
        null,
        null,
        1,
        1,
        null,
        null,
        null,
        null,
        1,
        1,
        1,
        null,
        null
      ],
      "/home/ubuntu/workspace/coursePlanner/app/models/comment.rb": [
        1,
        1,
        null
      ],
      "/home/ubuntu/workspace/coursePlanner/app/models/class_history.rb": [
        1,
        null
      ],
      "/home/ubuntu/workspace/coursePlanner/app/models/csci.rb": [
        null,
        1,
        null,
        null
      ]
    },
    "timestamp": 1449166206
  },
  "RSpec": {
    "coverage": {
      "/home/ubuntu/workspace/coursePlanner/app/helpers/application_helper.rb": [
        1,
        null
      ],
      "/home/ubuntu/workspace/coursePlanner/app/helpers/courses_helper.rb": [
        1,
        null,
        null,
        1,
        0,
        null,
        null,
        1,
        0,
        null,
        null,
        1,
        0,
        null,
        null,
        null,
        null,
        null,
        null
      ],
      "/home/ubuntu/workspace/coursePlanner/app/helpers/sessions_helper.rb": [
        1,
        null,
        null,
        1,
        0,
        null,
        null,
        1,
        3,
        null,
        null,
        1,
        0,
        null,
        null,
        null
      ],
      "/home/ubuntu/workspace/coursePlanner/app/controllers/courses_controller.rb": [
        1,
        null,
        1,
        0,
        null,
        null,
        1,
        0,
        null,
        null,
        1,
        null,
        null,
        null,
        null,
        1,
        null,
        null,
        null,
        null,
        1,
        null,
        0,
        0,
        0,
        null,
        null,
        0,
        null,
        null,
        null,
        0,
        0,
        null,
        null,
        null,
        0,
        0,
        null,
        0,
        null,
        null,
        null,
        null,
        1,
        null,
        0,
        null,
        0,
        null,
        null,
        null,
        0,
        0,
        0,
        null,
        null,
        0,
        0,
        0,
        0,
        null,
        0,
        null,
        0,
        null,
        null,
        null,
        null,
        null,
        0,
        0,
        0,
        0,
        0,
        0,
        null,
        null,
        0,
        null,
        null,
        null,
        1,
        null,
        2,
        0,
        0,
        0,
        null,
        0,
        0,
        null,
        null,
        0,
        0,
        0,
        0,
        null,
        null,
        null,
        null,
        null,
        1,
        null,
        1,
        null,
        0,
        0,
        0,
        null,
        null,
        null,
        0,
        0,
        0,
        null,
        null,
        0,
        null,
        null,
        null,
        1,
        null,
        0,
        null,
        0,
        0,
        0,
        null,
        null,
        null,
        0,
        0,
        0,
        null,
        null,
        0,
        0,
        null,
        0,
        null,
        0,
        null,
        null,
        0,
        0,
        0,
        0,
        null,
        null,
        null,
        null,
        null,
        null,
        null,
        1,
        null,
        null,
        null,
        1,
        null,
        null,
        null,
        1,
        null,
        null,
        null,
        null,
        1,
        null,
        null,
        null,
        1,
        null,
        null,
        null,
        1,
        null,
        null,
        null
      ],
      "/home/ubuntu/workspace/coursePlanner/app/controllers/application_controller.rb": [
        1,
        null,
        null,
        1,
        1,
        null,
        null
      ],
      "/home/ubuntu/workspace/coursePlanner/app/controllers/sessions_controller.rb": [
        1,
        null,
        1,
        0,
        null,
        null,
        1,
        null,
        null,
        null,
        1,
        0,
        0,
        0,
        0,
        0,
        null,
        0,
        null,
        null,
        null,
        null,
        null,
        0,
        0,
        null,
        null,
        null,
        null,
        1,
        0,
        0,
        null,
        null
      ],
      "/home/ubuntu/workspace/coursePlanner/app/models/class_history.rb": [
        1,
        null
      ],
      "/home/ubuntu/workspace/coursePlanner/app/models/user.rb": [
        1,
        null
      ]
    },
    "timestamp": 1448150012
  }
}
