{
  "Cucumber Features": {
    "coverage": {
      "/home/ubuntu/workspace/coursePlanner/app/controllers/courses_controller.rb": [
        1,
        null,
        null,
        1,
        0,
        null,
        null,
        1,
        0,
        null,
        null,
        1,
        null,
        null,
        null,
        null,
        1,
        0,
        0,
        0,
        null,
        null,
        1,
        null,
        0,
        0,
        0,
        null,
        null,
        null,
        0,
        0,
        null,
        null,
        null,
        0,
        0,
        null,
        0,
        null,
        null,
        null,
        0,
        null,
        null,
        1,
        null,
        null,
        null,
        1,
        null,
        null,
        null,
        null,
        null,
        1,
        null,
        null,
        null,
        1,
        null,
        null,
        null,
        1,
        null,
        null,
        null,
        1,
        3,
        null,
        null,
        null,
        1,
        null,
        null,
        null,
        null
      ],
      "/home/ubuntu/workspace/coursePlanner/app/controllers/application_controller.rb": [
        1,
        null,
        null,
        1,
        1,
        null
      ],
      "/home/ubuntu/workspace/coursePlanner/app/helpers/application_helper.rb": [
        1,
        null
      ],
      "/home/ubuntu/workspace/coursePlanner/app/helpers/courses_helper.rb": [
        1,
        null,
        null,
        1,
        0,
        null,
        null,
        1,
        0,
        null,
        null,
        1,
        0,
        null,
        null
      ],
      "/home/ubuntu/workspace/coursePlanner/app/helpers/sessions_helper.rb": [
        1,
        null,
        null,
        1,
        4,
        null,
        null,
        1,
        7,
        null,
        null,
        null
      ],
      "/home/ubuntu/workspace/coursePlanner/app/models/user.rb": [
        1,
        null
      ],
      "/home/ubuntu/workspace/coursePlanner/app/controllers/sessions_controller.rb": [
        1,
        null,
        1,
        0,
        null,
        null,
        1,
        null,
        null,
        null,
        1,
        4,
        4,
        4,
        4,
        3,
        null,
        1,
        null,
        null,
        null,
        null,
        null,
        0,
        0,
        null,
        null,
        null,
        null,
        1,
        null,
        null,
        null
      ],
      "/home/ubuntu/workspace/coursePlanner/app/models/class_history.rb": [
        1,
        null
      ]
    },
    "timestamp": 1447823129
  },
  "RSpec": {
    "coverage": {
      "/home/ubuntu/workspace/coursePlanner/app/helpers/application_helper.rb": [
        1,
        null
      ],
      "/home/ubuntu/workspace/coursePlanner/app/helpers/courses_helper.rb": [
        1,
        null,
        null,
        1,
        0,
        null,
        null,
        1,
        0,
        null,
        null,
        1,
        0,
        null,
        null
      ],
      "/home/ubuntu/workspace/coursePlanner/app/controllers/courses_controller.rb": [
        1,
        null,
        null,
        1,
        0,
        null,
        null,
        1,
        null,
        null,
        null,
        null,
        1,
        0,
        0,
        0,
        null,
        null,
        1,
        null,
        0,
        0,
        0,
        null,
        null,
        null,
        0,
        0,
        null,
        null,
        null,
        0,
        0,
        null,
        0,
        null,
        null,
        null,
        0,
        null,
        null,
        1,
        null,
        null,
        null,
        1,
        null,
        null,
        0,
        null,
        0,
        null,
        0,
        0,
        null,
        0,
        null,
        null,
        null,
        0,
        0,
        null,
        null,
        null,
        null,
        null,
        null,
        1,
        null,
        null,
        null,
        null,
        null,
        1,
        null,
        null,
        null,
        1,
        null,
        null,
        null,
        1,
        0,
        null,
        null,
        1,
        null,
        null,
        null,
        null,
        1,
        null,
        null,
        null,
        null
      ],
      "/home/ubuntu/workspace/coursePlanner/app/controllers/application_controller.rb": [
        1,
        null,
        null,
        1,
        null
      ],
      "/home/ubuntu/workspace/coursePlanner/app/models/class_history.rb": [
        1,
        null
      ],
      "/home/ubuntu/workspace/coursePlanner/app/models/user.rb": [
        1,
        null
      ]
    },
    "timestamp": 1447785966
  }
}
